<?xml version="1.0" encoding="UTF-8"?>
<!-- Generated by org.testng.reporters.JUnitReportReporter -->
<testsuite hostname="DESKTOP-O7AMFI1" failures="0" tests="1" name="com.demoqa.pageobject.dynamicproperty" time="1.582" errors="0" timestamp="2022-08-31T16:21:09 IST" skipped="0">
  <testcase classname="com.demoqa.pageobject.dynamicproperty" name="checkbox" time="1.582"/>
  <system-out/>
</testsuite> <!-- com.demoqa.pageobject.dynamicproperty -->
