<?xml version="1.0" encoding="UTF-8"?>
<!-- Generated by org.testng.reporters.JUnitReportReporter -->
<testsuite hostname="DESKTOP-O7AMFI1" failures="0" tests="1" name="com.demoqa.pageobject.Webtables" time="6.425" errors="0" timestamp="2022-08-31T15:42:19 IST" skipped="0">
  <testcase classname="com.demoqa.pageobject.Webtables" name="checkbox" time="6.425"/>
  <system-out/>
</testsuite> <!-- com.demoqa.pageobject.Webtables -->
