<?xml version="1.0" encoding="UTF-8"?>
<!-- Generated by org.testng.reporters.JUnitReportReporter -->
<testsuite hostname="DESKTOP-O7AMFI1" failures="0" tests="1" name="com.demoqa.pageobject.TextBox" time="5.427" errors="0" timestamp="2022-08-31T16:08:13 IST" skipped="0">
  <testcase classname="com.demoqa.pageobject.TextBox" name="Testkbox" time="5.427"/>
  <system-out/>
</testsuite> <!-- com.demoqa.pageobject.TextBox -->
