<?xml version="1.0" encoding="UTF-8"?>
<!-- Generated by org.testng.reporters.JUnitReportReporter -->
<testsuite hostname="DESKTOP-O7AMFI1" failures="0" tests="3" name="bysness.interview" time="0.088" errors="0" timestamp="2022-05-09T16:36:54 IST" skipped="0">
  <testcase classname="bysness.interview" name="logingtest" time="0.081"/>
  <system-out/>
  <testcase classname="bysness.interview" name="homepage" time="0.002"/>
  <system-out/>
  <testcase classname="bysness.interview" name="logout" time="0.005"/>
  <system-out/>
</testsuite> <!-- bysness.interview -->
